#
# There is insufficient memory for the Java Runtime Environment to continue.
# Native memory allocation (mmap) failed to map 87031808 bytes for committing reserved memory.
# Possible reasons:
#   The system is out of physical RAM or swap space
#   In 32 bit mode, the process size limit was hit
# Possible solutions:
#   Reduce memory load on the system
#   Increase physical memory or swap space
#   Check if swap backing store is full
#   Use 64 bit Java on a 64 bit OS
#   Decrease Java heap size (-Xmx/-Xms)
#   Decrease number of Java threads
#   Decrease Java thread stack sizes (-Xss)
#   Set larger code cache with -XX:ReservedCodeCacheSize=
# This output file may be truncated or incomplete.
#
#  Out of Memory Error (os_linux.cpp:2643), pid=28653, tid=0x00007efefb8cc700
#
# JRE version:  (8.0_144-b01) (build )
# Java VM: OpenJDK 64-Bit Server VM (25.144-b01 mixed mode linux-amd64 compressed oops)
# Failed to write core dump. Core dumps have been disabled. To enable core dumping, try "ulimit -c unlimited" before starting Java again
#

---------------  T H R E A D  ---------------

Current thread (0x00007efef400a800):  JavaThread "Unknown thread" [_thread_in_vm, id=28667, stack(0x00007efefb7cc000,0x00007efefb8cd000)]

Stack: [0x00007efefb7cc000,0x00007efefb8cd000],  sp=0x00007efefb8cb5a0,  free space=1021k
Native frames: (J=compiled Java code, j=interpreted, Vv=VM code, C=native code)
V  [libjvm.so+0xaa6172]
V  [libjvm.so+0x4d6d67]
V  [libjvm.so+0x8e2730]
V  [libjvm.so+0x8dcd9e]
V  [libjvm.so+0x95cc06]
V  [libjvm.so+0x94cf3c]
V  [libjvm.so+0x2b29be]
V  [libjvm.so+0x909ea1]
V  [libjvm.so+0xa688fa]
V  [libjvm.so+0xa68be5]
V  [libjvm.so+0x6221cf]
V  [libjvm.so+0xa4c24b]
V  [libjvm.so+0x6a48e1]  JNI_CreateJavaVM+0x61
C  [libjli.so+0x2ce3]
C  [libjli.so+0x76ed]
C  [libpthread.so.0+0x77fc]  start_thread+0xdc


---------------  P R O C E S S  ---------------

Java Threads: ( => current thread )

Other Threads:

=>0x00007efef400a800 (exited) JavaThread "Unknown thread" [_thread_in_vm, id=28667, stack(0x00007efefb7cc000,0x00007efefb8cd000)]

VM state:not at safepoint (not fully initialized)

VM Mutex/Monitor currently owned by a thread: None

GC Heap History (0 events):
No events

Deoptimization events (0 events):
No events

Internal exceptions (0 events):
No events

Events (0 events):
No events


Dynamic libraries:
89f00000-d6f00000 ---p 00000000 00:00 0 
d6f00000-d9800000 rw-p 00000000 00:00 0 
d9800000-100000000 ---p 00000000 00:00 0 
55a6afa79000-55a6afa7a000 r-xp 00000000 103:05 3545726                   /usr/lib/jvm/java-8-openjdk-amd64/jre/bin/java
55a6afc79000-55a6afc7a000 r--p 00000000 103:05 3545726                   /usr/lib/jvm/java-8-openjdk-amd64/jre/bin/java
55a6afc7a000-55a6afc7b000 rw-p 00001000 103:05 3545726                   /usr/lib/jvm/java-8-openjdk-amd64/jre/bin/java
55a6b05e3000-55a6b0604000 rw-p 00000000 00:00 0                          [heap]
7efee4865000-7efee4af6000 ---p 00000000 00:00 0 
7efee4af6000-7efee4b0b000 rw-p 00000000 00:00 0 
7efee4b0b000-7efee4c3f000 ---p 00000000 00:00 0 
7efee4c3f000-7efee4c4a000 rw-p 00000000 00:00 0 
7efee4c4a000-7efee5000000 ---p 00000000 00:00 0 
7efee5000000-7efee5270000 rwxp 00000000 00:00 0 
7efee5270000-7efef4000000 ---p 00000000 00:00 0 
7efef4000000-7efef4032000 rw-p 00000000 00:00 0 
7efef4032000-7efef8000000 ---p 00000000 00:00 0 
7efef81aa000-7efef81b2000 r-xp 00000000 103:05 3547571                   /usr/lib/jvm/java-8-openjdk-amd64/jre/lib/amd64/libzip.so
7efef81b2000-7efef83b1000 ---p 00008000 103:05 3547571                   /usr/lib/jvm/java-8-openjdk-amd64/jre/lib/amd64/libzip.so
7efef83b1000-7efef83b2000 r--p 00007000 103:05 3547571                   /usr/lib/jvm/java-8-openjdk-amd64/jre/lib/amd64/libzip.so
7efef83b2000-7efef83b3000 rw-p 00008000 103:05 3547571                   /usr/lib/jvm/java-8-openjdk-amd64/jre/lib/amd64/libzip.so
7efef83b3000-7efef83be000 r-xp 00000000 103:05 788524                    /lib/x86_64-linux-gnu/libnss_files-2.26.so
7efef83be000-7efef85bd000 ---p 0000b000 103:05 788524                    /lib/x86_64-linux-gnu/libnss_files-2.26.so
7efef85bd000-7efef85be000 r--p 0000a000 103:05 788524                    /lib/x86_64-linux-gnu/libnss_files-2.26.so
7efef85be000-7efef85bf000 rw-p 0000b000 103:05 788524                    /lib/x86_64-linux-gnu/libnss_files-2.26.so
7efef85bf000-7efef85c5000 rw-p 00000000 00:00 0 
7efef85c5000-7efef85d0000 r-xp 00000000 103:05 788526                    /lib/x86_64-linux-gnu/libnss_nis-2.26.so
7efef85d0000-7efef87cf000 ---p 0000b000 103:05 788526                    /lib/x86_64-linux-gnu/libnss_nis-2.26.so
7efef87cf000-7efef87d0000 r--p 0000a000 103:05 788526                    /lib/x86_64-linux-gnu/libnss_nis-2.26.so
7efef87d0000-7efef87d1000 rw-p 0000b000 103:05 788526                    /lib/x86_64-linux-gnu/libnss_nis-2.26.so
7efef87d1000-7efef87e8000 r-xp 00000000 103:05 788521                    /lib/x86_64-linux-gnu/libnsl-2.26.so
7efef87e8000-7efef89e7000 ---p 00017000 103:05 788521                    /lib/x86_64-linux-gnu/libnsl-2.26.so
7efef89e7000-7efef89e8000 r--p 00016000 103:05 788521                    /lib/x86_64-linux-gnu/libnsl-2.26.so
7efef89e8000-7efef89e9000 rw-p 00017000 103:05 788521                    /lib/x86_64-linux-gnu/libnsl-2.26.so
7efef89e9000-7efef89eb000 rw-p 00000000 00:00 0 
7efef89eb000-7efef89f3000 r-xp 00000000 103:05 788522                    /lib/x86_64-linux-gnu/libnss_compat-2.26.so
7efef89f3000-7efef8bf2000 ---p 00008000 103:05 788522                    /lib/x86_64-linux-gnu/libnss_compat-2.26.so
7efef8bf2000-7efef8bf3000 r--p 00007000 103:05 788522                    /lib/x86_64-linux-gnu/libnss_compat-2.26.so
7efef8bf3000-7efef8bf4000 rw-p 00008000 103:05 788522                    /lib/x86_64-linux-gnu/libnss_compat-2.26.so
7efef8bf4000-7efef8c21000 r-xp 00000000 103:05 3546393                   /usr/lib/jvm/java-8-openjdk-amd64/jre/lib/amd64/libjava.so
7efef8c21000-7efef8e21000 ---p 0002d000 103:05 3546393                   /usr/lib/jvm/java-8-openjdk-amd64/jre/lib/amd64/libjava.so
7efef8e21000-7efef8e22000 r--p 0002d000 103:05 3546393                   /usr/lib/jvm/java-8-openjdk-amd64/jre/lib/amd64/libjava.so
7efef8e22000-7efef8e24000 rw-p 0002e000 103:05 3546393                   /usr/lib/jvm/java-8-openjdk-amd64/jre/lib/amd64/libjava.so
7efef8e24000-7efef8e34000 r-xp 00000000 103:05 3547570                   /usr/lib/jvm/java-8-openjdk-amd64/jre/lib/amd64/libverify.so
7efef8e34000-7efef9033000 ---p 00010000 103:05 3547570                   /usr/lib/jvm/java-8-openjdk-amd64/jre/lib/amd64/libverify.so
7efef9033000-7efef9035000 r--p 0000f000 103:05 3547570                   /usr/lib/jvm/java-8-openjdk-amd64/jre/lib/amd64/libverify.so
7efef9035000-7efef9036000 rw-p 00011000 103:05 3547570                   /usr/lib/jvm/java-8-openjdk-amd64/jre/lib/amd64/libverify.so
7efef9036000-7efef903d000 r-xp 00000000 103:05 788531                    /lib/x86_64-linux-gnu/librt-2.26.so
7efef903d000-7efef923c000 ---p 00007000 103:05 788531                    /lib/x86_64-linux-gnu/librt-2.26.so
7efef923c000-7efef923d000 r--p 00006000 103:05 788531                    /lib/x86_64-linux-gnu/librt-2.26.so
7efef923d000-7efef923e000 rw-p 00007000 103:05 788531                    /lib/x86_64-linux-gnu/librt-2.26.so
7efef923e000-7efef9254000 r-xp 00000000 103:05 786527                    /lib/x86_64-linux-gnu/libgcc_s.so.1
7efef9254000-7efef9453000 ---p 00016000 103:05 786527                    /lib/x86_64-linux-gnu/libgcc_s.so.1
7efef9453000-7efef9454000 r--p 00015000 103:05 786527                    /lib/x86_64-linux-gnu/libgcc_s.so.1
7efef9454000-7efef9455000 rw-p 00016000 103:05 786527                    /lib/x86_64-linux-gnu/libgcc_s.so.1
7efef9455000-7efef95aa000 r-xp 00000000 103:05 788518                    /lib/x86_64-linux-gnu/libm-2.26.so
7efef95aa000-7efef97a9000 ---p 00155000 103:05 788518                    /lib/x86_64-linux-gnu/libm-2.26.so
7efef97a9000-7efef97aa000 r--p 00154000 103:05 788518                    /lib/x86_64-linux-gnu/libm-2.26.so
7efef97aa000-7efef97ab000 rw-p 00155000 103:05 788518                    /lib/x86_64-linux-gnu/libm-2.26.so
7efef97ab000-7efef9923000 r-xp 00000000 103:05 3015925                   /usr/lib/x86_64-linux-gnu/libstdc++.so.6.0.24
7efef9923000-7efef9b22000 ---p 00178000 103:05 3015925                   /usr/lib/x86_64-linux-gnu/libstdc++.so.6.0.24
7efef9b22000-7efef9b2c000 r--p 00177000 103:05 3015925                   /usr/lib/x86_64-linux-gnu/libstdc++.so.6.0.24
7efef9b2c000-7efef9b2e000 rw-p 00181000 103:05 3015925                   /usr/lib/x86_64-linux-gnu/libstdc++.so.6.0.24
7efef9b2e000-7efef9b31000 rw-p 00000000 00:00 0 
7efef9b31000-7efefa7bb000 r-xp 00000000 103:05 3547573                   /usr/lib/jvm/java-8-openjdk-amd64/jre/lib/amd64/server/libjvm.so
7efefa7bb000-7efefa9bb000 ---p 00c8a000 103:05 3547573                   /usr/lib/jvm/java-8-openjdk-amd64/jre/lib/amd64/server/libjvm.so
7efefa9bb000-7efefaa4e000 r--p 00c8a000 103:05 3547573                   /usr/lib/jvm/java-8-openjdk-amd64/jre/lib/amd64/server/libjvm.so
7efefaa4e000-7efefaa76000 rw-p 00d1d000 103:05 3547573                   /usr/lib/jvm/java-8-openjdk-amd64/jre/lib/amd64/server/libjvm.so
7efefaa76000-7efefaaa7000 rw-p 00000000 00:00 0 
7efefaaa7000-7efefaac1000 r-xp 00000000 103:05 788529                    /lib/x86_64-linux-gnu/libpthread-2.26.so
7efefaac1000-7efefacc0000 ---p 0001a000 103:05 788529                    /lib/x86_64-linux-gnu/libpthread-2.26.so
7efefacc0000-7efefacc1000 r--p 00019000 103:05 788529                    /lib/x86_64-linux-gnu/libpthread-2.26.so
7efefacc1000-7efefacc2000 rw-p 0001a000 103:05 788529                    /lib/x86_64-linux-gnu/libpthread-2.26.so
7efefacc2000-7efefacc6000 rw-p 00000000 00:00 0 
7efefacc6000-7efefacc9000 r-xp 00000000 103:05 788517                    /lib/x86_64-linux-gnu/libdl-2.26.so
7efefacc9000-7efefaec8000 ---p 00003000 103:05 788517                    /lib/x86_64-linux-gnu/libdl-2.26.so
7efefaec8000-7efefaec9000 r--p 00002000 103:05 788517                    /lib/x86_64-linux-gnu/libdl-2.26.so
7efefaec9000-7efefaeca000 rw-p 00003000 103:05 788517                    /lib/x86_64-linux-gnu/libdl-2.26.so
7efefaeca000-7efefaee6000 r-xp 00000000 103:05 790427                    /lib/x86_64-linux-gnu/libz.so.1.2.11
7efefaee6000-7efefb0e5000 ---p 0001c000 103:05 790427                    /lib/x86_64-linux-gnu/libz.so.1.2.11
7efefb0e5000-7efefb0e6000 r--p 0001b000 103:05 790427                    /lib/x86_64-linux-gnu/libz.so.1.2.11
7efefb0e6000-7efefb0e7000 rw-p 0001c000 103:05 790427                    /lib/x86_64-linux-gnu/libz.so.1.2.11
7efefb0e7000-7efefb2bd000 r-xp 00000000 103:05 788514                    /lib/x86_64-linux-gnu/libc-2.26.so
7efefb2bd000-7efefb4bd000 ---p 001d6000 103:05 788514                    /lib/x86_64-linux-gnu/libc-2.26.so
7efefb4bd000-7efefb4c1000 r--p 001d6000 103:05 788514                    /lib/x86_64-linux-gnu/libc-2.26.so
7efefb4c1000-7efefb4c3000 rw-p 001da000 103:05 788514                    /lib/x86_64-linux-gnu/libc-2.26.so
7efefb4c3000-7efefb4c7000 rw-p 00000000 00:00 0 
7efefb4c7000-7efefb4d5000 r-xp 00000000 103:05 3546133                   /usr/lib/jvm/java-8-openjdk-amd64/jre/lib/amd64/jli/libjli.so
7efefb4d5000-7efefb6d4000 ---p 0000e000 103:05 3546133                   /usr/lib/jvm/java-8-openjdk-amd64/jre/lib/amd64/jli/libjli.so
7efefb6d4000-7efefb6d5000 r--p 0000d000 103:05 3546133                   /usr/lib/jvm/java-8-openjdk-amd64/jre/lib/amd64/jli/libjli.so
7efefb6d5000-7efefb6d6000 rw-p 0000e000 103:05 3546133                   /usr/lib/jvm/java-8-openjdk-amd64/jre/lib/amd64/jli/libjli.so
7efefb6d6000-7efefb6fd000 r-xp 00000000 103:05 787449                    /lib/x86_64-linux-gnu/ld-2.26.so
7efefb7cc000-7efefb7cf000 ---p 00000000 00:00 0 
7efefb7cf000-7efefb8d2000 rw-p 00000000 00:00 0 
7efefb8f0000-7efefb8f8000 rw-s 00000000 103:05 917840                    /tmp/hsperfdata_emil/28653
7efefb8f8000-7efefb8f9000 rw-p 00000000 00:00 0 
7efefb8f9000-7efefb8fa000 r--p 00000000 00:00 0 
7efefb8fa000-7efefb8fd000 rw-p 00000000 00:00 0 
7efefb8fd000-7efefb8fe000 r--p 00027000 103:05 787449                    /lib/x86_64-linux-gnu/ld-2.26.so
7efefb8fe000-7efefb8ff000 rw-p 00028000 103:05 787449                    /lib/x86_64-linux-gnu/ld-2.26.so
7efefb8ff000-7efefb900000 rw-p 00000000 00:00 0 
7fff73df7000-7fff73e18000 rw-p 00000000 00:00 0                          [stack]
7fff73fdf000-7fff73fe2000 r--p 00000000 00:00 0                          [vvar]
7fff73fe2000-7fff73fe4000 r-xp 00000000 00:00 0                          [vdso]
ffffffffff600000-ffffffffff601000 r-xp 00000000 00:00 0                  [vsyscall]

VM Arguments:
jvm_args: -Dorg.gradle.appname=gradlew 
java_command: org.gradle.wrapper.GradleWrapperMain test jacocoTestReport
java_class_path (initial): /home/emil/ohtu/ohtu-viikko1/gradle/wrapper/gradle-wrapper.jar
Launcher Type: SUN_STANDARD

Environment Variables:
PATH=/usr/local/sbin:/usr/local/bin:/usr/sbin:/usr/bin:/sbin:/bin:/usr/games:/usr/local/games:/home/emil/Android/platform-tools:/snap/bin:/home/emil/Android/platform-tools:/home/emil/Android/FlashTool
USERNAME=emil
SHELL=/bin/bash
DISPLAY=:0

Signal Handlers:
SIGSEGV: [libjvm.so+0xaa6ab0], sa_mask[0]=11111111011111111101111111111110, sa_flags=SA_RESTART|SA_SIGINFO
SIGBUS: [libjvm.so+0xaa6ab0], sa_mask[0]=11111111011111111101111111111110, sa_flags=SA_RESTART|SA_SIGINFO
SIGFPE: [libjvm.so+0x8dded0], sa_mask[0]=11111111011111111101111111111110, sa_flags=SA_RESTART|SA_SIGINFO
SIGPIPE: [libjvm.so+0x8dded0], sa_mask[0]=11111111011111111101111111111110, sa_flags=SA_RESTART|SA_SIGINFO
SIGXFSZ: [libjvm.so+0x8dded0], sa_mask[0]=11111111011111111101111111111110, sa_flags=SA_RESTART|SA_SIGINFO
SIGILL: [libjvm.so+0x8dded0], sa_mask[0]=11111111011111111101111111111110, sa_flags=SA_RESTART|SA_SIGINFO
SIGUSR1: SIG_DFL, sa_mask[0]=00000000000000000000000000000000, sa_flags=none
SIGUSR2: [libjvm.so+0x8ddd80], sa_mask[0]=00000000000000000000000000000000, sa_flags=SA_RESTART|SA_SIGINFO
SIGHUP: SIG_DFL, sa_mask[0]=00000000000000000000000000000000, sa_flags=none
SIGINT: SIG_DFL, sa_mask[0]=00000000000000000000000000000000, sa_flags=none
SIGTERM: SIG_DFL, sa_mask[0]=00000000000000000000000000000000, sa_flags=none
SIGQUIT: SIG_DFL, sa_mask[0]=00000000000000000000000000000000, sa_flags=none


---------------  S Y S T E M  ---------------

OS:DISTRIB_ID=Ubuntu
DISTRIB_RELEASE=17.10
DISTRIB_CODENAME=artful
DISTRIB_DESCRIPTION="Ubuntu 17.10"

uname:Linux 4.13.0-16-generic #19-Ubuntu SMP Wed Oct 11 18:35:14 UTC 2017 x86_64
libc:glibc 2.26 NPTL 2.26 
rlimit: STACK 8192k, CORE 0k, NPROC 30995, NOFILE 4096, AS infinity
load average:1.65 1.38 1.46

/proc/meminfo:
MemTotal:        8072220 kB
MemFree:          122120 kB
MemAvailable:      35112 kB
Buffers:            2872 kB
Cached:           508868 kB
SwapCached:          592 kB
Active:          2520244 kB
Inactive:         669232 kB
Active(anon):    2499260 kB
Inactive(anon):   624712 kB
Active(file):      20984 kB
Inactive(file):    44520 kB
Unevictable:          96 kB
Mlocked:              96 kB
SwapTotal:       2097148 kB
SwapFree:             32 kB
Dirty:               404 kB
Writeback:             0 kB
AnonPages:       2677676 kB
Mapped:            71012 kB
Shmem:            446276 kB
Slab:            4591296 kB
SReclaimable:      42480 kB
SUnreclaim:      4548816 kB
KernelStack:       13536 kB
PageTables:        75516 kB
NFS_Unstable:          0 kB
Bounce:                0 kB
WritebackTmp:          0 kB
CommitLimit:     6133256 kB
Committed_AS:   12756076 kB
VmallocTotal:   34359738367 kB
VmallocUsed:           0 kB
VmallocChunk:          0 kB
HardwareCorrupted:     0 kB
AnonHugePages:         0 kB
ShmemHugePages:        0 kB
ShmemPmdMapped:        0 kB
CmaTotal:              0 kB
CmaFree:               0 kB
HugePages_Total:       0
HugePages_Free:        0
HugePages_Rsvd:        0
HugePages_Surp:        0
Hugepagesize:       2048 kB
DirectMap4k:      591032 kB
DirectMap2M:     7698432 kB
DirectMap1G:           0 kB


CPU:total 4 (initial active 4) (2 cores per cpu, 2 threads per core) family 6 model 142 stepping 9, cmov, cx8, fxsr, mmx, sse, sse2, sse3, ssse3, sse4.1, sse4.2, popcnt, avx, avx2, aes, clmul, erms, 3dnowpref, lzcnt, ht, tsc, tscinvbit, bmi1, bmi2, adx

/proc/cpuinfo:
processor	: 0
vendor_id	: GenuineIntel
cpu family	: 6
model		: 142
model name	: Intel(R) Core(TM) i7-7500U CPU @ 2.70GHz
stepping	: 9
microcode	: 0x62
cpu MHz		: 2900.000
cache size	: 4096 KB
physical id	: 0
siblings	: 4
core id		: 0
cpu cores	: 2
apicid		: 0
initial apicid	: 0
fpu		: yes
fpu_exception	: yes
cpuid level	: 22
wp		: yes
flags		: fpu vme de pse tsc msr pae mce cx8 apic sep mtrr pge mca cmov pat pse36 clflush dts acpi mmx fxsr sse sse2 ss ht tm pbe syscall nx pdpe1gb rdtscp lm constant_tsc art arch_perfmon pebs bts rep_good nopl xtopology nonstop_tsc cpuid aperfmperf tsc_known_freq pni pclmulqdq dtes64 monitor ds_cpl vmx est tm2 ssse3 sdbg fma cx16 xtpr pdcm pcid sse4_1 sse4_2 x2apic movbe popcnt tsc_deadline_timer aes xsave avx f16c rdrand lahf_lm abm 3dnowprefetch cpuid_fault epb intel_pt tpr_shadow vnmi flexpriority ept vpid fsgsbase tsc_adjust bmi1 avx2 smep bmi2 erms invpcid mpx rdseed adx smap clflushopt xsaveopt xsavec xgetbv1 xsaves dtherm ida arat pln pts hwp hwp_notify hwp_act_window hwp_epp
bugs		:
bogomips	: 5808.00
clflush size	: 64
cache_alignment	: 64
address sizes	: 39 bits physical, 48 bits virtual
power management:

processor	: 1
vendor_id	: GenuineIntel
cpu family	: 6
model		: 142
model name	: Intel(R) Core(TM) i7-7500U CPU @ 2.70GHz
stepping	: 9
microcode	: 0x62
cpu MHz		: 2900.000
cache size	: 4096 KB
physical id	: 0
siblings	: 4
core id		: 1
cpu cores	: 2
apicid		: 2
initial apicid	: 2
fpu		: yes
fpu_exception	: yes
cpuid level	: 22
wp		: yes
flags		: fpu vme de pse tsc msr pae mce cx8 apic sep mtrr pge mca cmov pat pse36 clflush dts acpi mmx fxsr sse sse2 ss ht tm pbe syscall nx pdpe1gb rdtscp lm constant_tsc art arch_perfmon pebs bts rep_good nopl xtopology nonstop_tsc cpuid aperfmperf tsc_known_freq pni pclmulqdq dtes64 monitor ds_cpl vmx est tm2 ssse3 sdbg fma cx16 xtpr pdcm pcid sse4_1 sse4_2 x2apic movbe popcnt tsc_deadline_timer aes xsave avx f16c rdrand lahf_lm abm 3dnowprefetch cpuid_fault epb intel_pt tpr_shadow vnmi flexpriority ept vpid fsgsbase tsc_adjust bmi1 avx2 smep bmi2 erms invpcid mpx rdseed adx smap clflushopt xsaveopt xsavec xgetbv1 xsaves dtherm ida arat pln pts hwp hwp_notify hwp_act_window hwp_epp
bugs		:
bogomips	: 5808.00
clflush size	: 64
cache_alignment	: 64
address sizes	: 39 bits physical, 48 bits virtual
power management:

processor	: 2
vendor_id	: GenuineIntel
cpu family	: 6
model		: 142
model name	: Intel(R) Core(TM) i7-7500U CPU @ 2.70GHz
stepping	: 9
microcode	: 0x62
cpu MHz		: 2900.000
cache size	: 4096 KB
physical id	: 0
siblings	: 4
core id		: 0
cpu cores	: 2
apicid		: 1
initial apicid	: 1
fpu		: yes
fpu_exception	: yes
cpuid level	: 22
wp		: yes
flags		: fpu vme de pse tsc msr pae mce cx8 apic sep mtrr pge mca cmov pat pse36 clflush dts acpi mmx fxsr sse sse2 ss ht tm pbe syscall nx pdpe1gb rdtscp lm constant_tsc art arch_perfmon pebs bts rep_good nopl xtopology nonstop_tsc cpuid aperfmperf tsc_known_freq pni pclmulqdq dtes64 monitor ds_cpl vmx est tm2 ssse3 sdbg fma cx16 xtpr pdcm pcid sse4_1 sse4_2 x2apic movbe popcnt tsc_deadline_timer aes xsave avx f16c rdrand lahf_lm abm 3dnowprefetch cpuid_fault epb intel_pt tpr_shadow vnmi flexpriority ept vpid fsgsbase tsc_adjust bmi1 avx2 smep bmi2 erms invpcid mpx rdseed adx smap clflushopt xsaveopt xsavec xgetbv1 xsaves dtherm ida arat pln pts hwp hwp_notify hwp_act_window hwp_epp
bugs		:
bogomips	: 5808.00
clflush size	: 64
cache_alignment	: 64
address sizes	: 39 bits physical, 48 bits virtual
power management:

processor	: 3
vendor_id	: GenuineIntel
cpu family	: 6
model		: 142
model name	: Intel(R) Core(TM) i7-7500U CPU @ 2.70GHz
stepping	: 9
microcode	: 0x62
cpu MHz		: 2900.000
cache size	: 4096 KB
physical id	: 0
siblings	: 4
core id		: 1
cpu cores	: 2
apicid		: 3
initial apicid	: 3
fpu		: yes
fpu_exception	: yes
cpuid level	: 22
wp		: yes
flags		: fpu vme de pse tsc msr pae mce cx8 apic sep mtrr pge mca cmov pat pse36 clflush dts acpi mmx fxsr sse sse2 ss ht tm pbe syscall nx pdpe1gb rdtscp lm constant_tsc art arch_perfmon pebs bts rep_good nopl xtopology nonstop_tsc cpuid aperfmperf tsc_known_freq pni pclmulqdq dtes64 monitor ds_cpl vmx est tm2 ssse3 sdbg fma cx16 xtpr pdcm pcid sse4_1 sse4_2 x2apic movbe popcnt tsc_deadline_timer aes xsave avx f16c rdrand lahf_lm abm 3dnowprefetch cpuid_fault epb intel_pt tpr_shadow vnmi flexpriority ept vpid fsgsbase tsc_adjust bmi1 avx2 smep bmi2 erms invpcid mpx rdseed adx smap clflushopt xsaveopt xsavec xgetbv1 xsaves dtherm ida arat pln pts hwp hwp_notify hwp_act_window hwp_epp
bugs		:
bogomips	: 5808.00
clflush size	: 64
cache_alignment	: 64
address sizes	: 39 bits physical, 48 bits virtual
power management:



Memory: 4k page, physical 8072220k(122120k free), swap 2097148k(32k free)

vm_info: OpenJDK 64-Bit Server VM (25.144-b01) for linux-amd64 JRE (1.8.0_144-8u144-b01-2-b01), built on Sep 30 2017 00:37:14 by "buildd" with gcc 7.2.0

time: Sun Nov  5 16:13:07 2017
elapsed time: 0 seconds (0d 0h 0m 0s)

